{"D:\\Angular\\Thunamax\\backend\\card.js":{"path":"D:\\Angular\\Thunamax\\backend\\card.js","s":{"1":1,"2":1,"3":1,"4":0,"5":1,"6":0,"7":1,"8":1,"9":0,"10":1,"11":0,"12":1,"13":1,"14":0,"15":1,"16":0,"17":1,"18":1},"b":{"1":[0,1],"2":[0,1],"3":[0,1],"4":[0,1],"5":[0,1],"6":[0,1]},"f":{"1":1},"fnMap":{"1":{"name":"(anonymous_1)","line":1,"loc":{"start":{"line":1,"column":27},"end":{"line":1,"column":43}}}},"statementMap":{"1":{"start":{"line":1,"column":0},"end":{"line":32,"column":1}},"2":{"start":{"line":3,"column":2},"end":{"line":3,"column":35}},"3":{"start":{"line":4,"column":2},"end":{"line":6,"column":3}},"4":{"start":{"line":5,"column":4},"end":{"line":5,"column":79}},"5":{"start":{"line":7,"column":2},"end":{"line":9,"column":3}},"6":{"start":{"line":8,"column":4},"end":{"line":8,"column":73}},"7":{"start":{"line":12,"column":2},"end":{"line":12,"column":27}},"8":{"start":{"line":13,"column":2},"end":{"line":15,"column":3}},"9":{"start":{"line":14,"column":4},"end":{"line":14,"column":76}},"10":{"start":{"line":16,"column":2},"end":{"line":18,"column":3}},"11":{"start":{"line":17,"column":4},"end":{"line":17,"column":71}},"12":{"start":{"line":21,"column":2},"end":{"line":21,"column":21}},"13":{"start":{"line":22,"column":2},"end":{"line":24,"column":3}},"14":{"start":{"line":23,"column":4},"end":{"line":23,"column":85}},"15":{"start":{"line":25,"column":2},"end":{"line":27,"column":3}},"16":{"start":{"line":26,"column":4},"end":{"line":26,"column":79}},"17":{"start":{"line":29,"column":2},"end":{"line":29,"column":26}},"18":{"start":{"line":31,"column":2},"end":{"line":31,"column":24}}},"branchMap":{"1":{"line":4,"type":"if","locations":[{"start":{"line":4,"column":2},"end":{"line":4,"column":2}},{"start":{"line":4,"column":2},"end":{"line":4,"column":2}}]},"2":{"line":7,"type":"if","locations":[{"start":{"line":7,"column":2},"end":{"line":7,"column":2}},{"start":{"line":7,"column":2},"end":{"line":7,"column":2}}]},"3":{"line":13,"type":"if","locations":[{"start":{"line":13,"column":2},"end":{"line":13,"column":2}},{"start":{"line":13,"column":2},"end":{"line":13,"column":2}}]},"4":{"line":16,"type":"if","locations":[{"start":{"line":16,"column":2},"end":{"line":16,"column":2}},{"start":{"line":16,"column":2},"end":{"line":16,"column":2}}]},"5":{"line":22,"type":"if","locations":[{"start":{"line":22,"column":2},"end":{"line":22,"column":2}},{"start":{"line":22,"column":2},"end":{"line":22,"column":2}}]},"6":{"line":25,"type":"if","locations":[{"start":{"line":25,"column":2},"end":{"line":25,"column":2}},{"start":{"line":25,"column":2},"end":{"line":25,"column":2}}]}}},"D:\\Angular\\Thunamax\\backend\\user.js":{"path":"D:\\Angular\\Thunamax\\backend\\user.js","s":{"1":1,"2":1,"3":1},"b":{},"f":{"1":1},"fnMap":{"1":{"name":"(anonymous_1)","line":3,"loc":{"start":{"line":3,"column":25},"end":{"line":3,"column":56}}}},"statementMap":{"1":{"start":{"line":1,"column":0},"end":{"line":1,"column":39}},"2":{"start":{"line":3,"column":0},"end":{"line":5,"column":1}},"3":{"start":{"line":4,"column":2},"end":{"line":4,"column":73}}},"branchMap":{}},"D:\\Angular\\Thunamax\\backend\\models\\user.js":{"path":"D:\\Angular\\Thunamax\\backend\\models\\user.js","s":{"1":1,"2":1,"3":1},"b":{},"f":{},"fnMap":{},"statementMap":{"1":{"start":{"line":1,"column":0},"end":{"line":1,"column":35}},"2":{"start":{"line":3,"column":0},"end":{"line":8,"column":3}},"3":{"start":{"line":10,"column":0},"end":{"line":10,"column":53}}},"branchMap":{}}}