TN:
SF:D:\Angular\Thunamax\backend\card.js
FN:1,(anonymous_1)
FNF:1
FNH:1
FNDA:1,(anonymous_1)
DA:1,1
DA:3,1
DA:4,1
DA:5,0
DA:7,1
DA:8,0
DA:12,1
DA:13,1
DA:14,0
DA:16,1
DA:17,0
DA:21,1
DA:22,1
DA:23,0
DA:25,1
DA:26,0
DA:29,1
DA:31,1
LF:18
LH:12
BRDA:4,1,0,0
BRDA:4,1,1,1
BRDA:7,2,0,0
BRDA:7,2,1,1
BRDA:13,3,0,0
BRDA:13,3,1,1
BRDA:16,4,0,0
BRDA:16,4,1,1
BRDA:22,5,0,0
BRDA:22,5,1,1
BRDA:25,6,0,0
BRDA:25,6,1,1
BRF:12
BRH:6
end_of_record
TN:
SF:D:\Angular\Thunamax\backend\user.js
FN:3,(anonymous_1)
FNF:1
FNH:1
FNDA:1,(anonymous_1)
DA:1,1
DA:3,1
DA:4,1
LF:3
LH:3
BRF:0
BRH:0
end_of_record
TN:
SF:D:\Angular\Thunamax\backend\models\user.js
FNF:0
FNH:0
DA:1,1
DA:3,1
DA:10,1
LF:3
LH:3
BRF:0
BRH:0
end_of_record
