TN:
SF:D:\Angular\Thunamax\backend\card.js
FN:1,(anonymous_1)
FNF:1
FNH:1
FNDA:7,(anonymous_1)
DA:1,1
DA:3,7
DA:4,7
DA:5,1
DA:7,6
DA:8,1
DA:12,5
DA:13,5
DA:14,1
DA:16,4
DA:17,1
DA:21,3
DA:22,3
DA:23,1
DA:25,2
DA:26,1
DA:29,1
LF:17
LH:17
BRDA:4,1,0,1
BRDA:4,1,1,6
BRDA:7,2,0,1
BRDA:7,2,1,5
BRDA:13,3,0,1
BRDA:13,3,1,4
BRDA:16,4,0,1
BRDA:16,4,1,3
BRDA:22,5,0,1
BRDA:22,5,1,2
BRDA:25,6,0,1
BRDA:25,6,1,1
BRF:12
BRH:12
end_of_record
TN:
SF:D:\Angular\Thunamax\backend\user.js
FN:3,(anonymous_1)
FN:7,(anonymous_2)
FN:15,(anonymous_3)
FNF:3
FNH:3
FNDA:4,(anonymous_1)
FNDA:2,(anonymous_2)
FNDA:1,(anonymous_3)
DA:1,1
DA:3,1
DA:4,4
DA:7,1
DA:8,2
DA:9,1
DA:11,1
DA:15,1
DA:16,1
DA:17,1
DA:18,1
DA:19,1
LF:12
LH:12
BRDA:8,1,0,1
BRDA:8,1,1,1
BRF:2
BRH:2
end_of_record
TN:
SF:D:\Angular\Thunamax\backend\models\user.js
FNF:0
FNH:0
DA:1,1
DA:3,1
DA:10,1
LF:3
LH:3
BRF:0
BRH:0
end_of_record
